<?xml version="1.0" encoding="UTF-8" ?>
<testsuite failures="0" time="0.218" errors="0" skipped="0" tests="3" name="com.philemonworks.RuleTest">
  <properties>
    <property name="java.runtime.name" value="Java(TM) SE Runtime Environment"/>
    <property name="sun.boot.library.path" value="/System/Library/Java/JavaVirtualMachines/1.6.0.jdk/Contents/Libraries"/>
    <property name="java.vm.version" value="20.6-b01-415"/>
    <property name="awt.nativeDoubleBuffering" value="true"/>
    <property name="gopherProxySet" value="false"/>
    <property name="mrj.build" value="11M3646"/>
    <property name="java.vm.vendor" value="Apple Inc."/>
    <property name="java.vendor.url" value="http://www.apple.com/"/>
    <property name="path.separator" value=":"/>
    <property name="java.vm.name" value="Java HotSpot(TM) 64-Bit Server VM"/>
    <property name="file.encoding.pkg" value="sun.io"/>
    <property name="user.country" value="US"/>
    <property name="sun.java.launcher" value="SUN_STANDARD"/>
    <property name="sun.os.patch.level" value="unknown"/>
    <property name="java.vm.specification.name" value="Java Virtual Machine Specification"/>
    <property name="user.dir" value="/Users/emicklei/Projects/critter"/>
    <property name="java.runtime.version" value="1.6.0_31-b04-415-11M3646"/>
    <property name="java.awt.graphicsenv" value="apple.awt.CGraphicsEnvironment"/>
    <property name="basedir" value="/Users/emicklei/Projects/critter"/>
    <property name="java.endorsed.dirs" value="/System/Library/Java/JavaVirtualMachines/1.6.0.jdk/Contents/Home/lib/endorsed"/>
    <property name="os.arch" value="x86_64"/>
    <property name="surefire.real.class.path" value="/Users/emicklei/Projects/critter/target/surefire/surefirebooter8328973016847381297.jar"/>
    <property name="java.io.tmpdir" value="/var/folders/l2/pnwbpc6n6_352n4d17lp5yhm0000gn/T/"/>
    <property name="line.separator" value="
"/>
    <property name="java.vm.specification.vendor" value="Sun Microsystems Inc."/>
    <property name="os.name" value="Mac OS X"/>
    <property name="sun.jnu.encoding" value="MacRoman"/>
    <property name="java.library.path" value=".:/Library/Java/Extensions:/System/Library/Java/Extensions:/usr/lib/java"/>
    <property name="surefire.test.class.path" value="/Users/emicklei/Projects/critter/target/test-classes:/Users/emicklei/Projects/critter/target/classes:/Users/emicklei/.m2/repository/junit/junit/4.8.2/junit-4.8.2.jar:/Users/emicklei/.m2/repository/org/rendershark/rendershark/0.5-SNAPSHOT/rendershark-0.5-SNAPSHOT.jar:/Users/emicklei/.m2/repository/com/sun/jersey/jersey-core/1.12/jersey-core-1.12.jar:/Users/emicklei/.m2/repository/com/sun/jersey/jersey-server/1.12/jersey-server-1.12.jar:/Users/emicklei/.m2/repository/asm/asm/3.1/asm-3.1.jar:/Users/emicklei/.m2/repository/com/sun/jersey/contribs/jersey-guice/1.12/jersey-guice-1.12.jar:/Users/emicklei/.m2/repository/javax/inject/javax.inject/1/javax.inject-1.jar:/Users/emicklei/.m2/repository/com/google/inject/extensions/guice-servlet/3.0/guice-servlet-3.0.jar:/Users/emicklei/.m2/repository/com/sun/jersey/jersey-servlet/1.12/jersey-servlet-1.12.jar:/Users/emicklei/.m2/repository/org/rendersnake/rendersnake/1.6-SNAPSHOT/rendersnake-1.6-SNAPSHOT.jar:/Users/emicklei/.m2/repository/org/apache/commons/commons-lang3/3.1/commons-lang3-3.1.jar:/Users/emicklei/.m2/repository/io/netty/netty/3.4.5.Final/netty-3.4.5.Final.jar:/Users/emicklei/.m2/repository/com/google/inject/guice/3.0/guice-3.0.jar:/Users/emicklei/.m2/repository/aopalliance/aopalliance/1.0/aopalliance-1.0.jar:/Users/emicklei/.m2/repository/org/slf4j/slf4j-log4j12/1.6.4/slf4j-log4j12-1.6.4.jar:/Users/emicklei/.m2/repository/org/slf4j/slf4j-api/1.6.4/slf4j-api-1.6.4.jar:/Users/emicklei/.m2/repository/log4j/log4j/1.2.16/log4j-1.2.16.jar:/Users/emicklei/.m2/repository/org/infinispan/infinispan-core/5.0.0.FINAL/infinispan-core-5.0.0.FINAL.jar:/Users/emicklei/.m2/repository/org/jgroups/jgroups/2.12.1.3.Final/jgroups-2.12.1.3.Final.jar:/Users/emicklei/.m2/repository/org/jboss/javaee/jboss-transaction-api/1.0.1.GA/jboss-transaction-api-1.0.1.GA.jar:/Users/emicklei/.m2/repository/org/jboss/marshalling/jboss-marshalling-river/1.3.0.GA/jboss-marshalling-river-1.3.0.GA.jar:/Users/emicklei/.m2/repository/org/jboss/marshalling/jboss-marshalling/1.3.0.GA/jboss-marshalling-1.3.0.GA.jar:/Users/emicklei/.m2/repository/org/rhq/helpers/rhq-pluginAnnotations/3.0.1/rhq-pluginAnnotations-3.0.1.jar:/Users/emicklei/.m2/repository/org/jboss/logging/jboss-logging/3.0.0.GA/jboss-logging-3.0.0.GA.jar:/Users/emicklei/.m2/repository/commons-io/commons-io/2.0.1/commons-io-2.0.1.jar:/Users/emicklei/.m2/repository/org/apache/httpcomponents/httpclient/4.1.2/httpclient-4.1.2.jar:/Users/emicklei/.m2/repository/org/apache/httpcomponents/httpcore/4.1.2/httpcore-4.1.2.jar:/Users/emicklei/.m2/repository/commons-logging/commons-logging/1.1.1/commons-logging-1.1.1.jar:/Users/emicklei/.m2/repository/commons-codec/commons-codec/1.4/commons-codec-1.4.jar:/Users/emicklei/.m2/repository/com/thoughtworks/xstream/xstream/1.4.2/xstream-1.4.2.jar:/Users/emicklei/.m2/repository/xpp3/xpp3_min/1.1.4c/xpp3_min-1.1.4c.jar:/Users/emicklei/.m2/repository/xmlpull/xmlpull/1.1.3.1/xmlpull-1.1.3.1.jar:/Users/emicklei/.m2/repository/com/philemonworks/selfdiagnose/2.3/selfdiagnose-2.3.jar:/Users/emicklei/.m2/repository/opensymphony/ognl/2.6.11/ognl-2.6.11.jar:/Users/emicklei/.m2/repository/com/jamonapi/jamon/2.7/jamon-2.7.jar:/Users/emicklei/.m2/repository/oro/oro/2.0.8/oro-2.0.8.jar:/Users/emicklei/.m2/repository/javax/servlet/servlet-api/2.3/servlet-api-2.3.jar:/Users/emicklei/.m2/repository/com/jamonapi/fdsapi/1.2/fdsapi-1.2.jar:/Users/emicklei/.m2/repository/org/seleniumhq/webdriver/webdriver-selenium/0.9.7376/webdriver-selenium-0.9.7376.jar:/Users/emicklei/.m2/repository/org/seleniumhq/webdriver/webdriver-common/0.9.7376/webdriver-common-0.9.7376.jar:/Users/emicklei/.m2/repository/org/seleniumhq/selenium/client-drivers/selenium-java-client-driver/1.0.1/selenium-java-client-driver-1.0.1.jar:/Users/emicklei/.m2/repository/org/seleniumhq/webdriver/webdriver-chrome/0.9.7376/webdriver-chrome-0.9.7376.jar:/Users/emicklei/.m2/repository/org/seleniumhq/webdriver/webdriver-remote-client/0.9.7376/webdriver-remote-client-0.9.7376.jar:/Users/emicklei/.m2/repository/org/seleniumhq/webdriver/webdriver-remote-common/0.9.7376/webdriver-remote-common-0.9.7376.jar:/Users/emicklei/.m2/repository/org/json/json/20080701/json-20080701.jar:/Users/emicklei/.m2/repository/org/seleniumhq/webdriver/webdriver-support/0.9.7376/webdriver-support-0.9.7376.jar:/Users/emicklei/.m2/repository/org/hamcrest/hamcrest-all/1.1/hamcrest-all-1.1.jar:/Users/emicklei/.m2/repository/commons-httpclient/commons-httpclient/3.1/commons-httpclient-3.1.jar:"/>
    <property name="java.specification.name" value="Java Platform API Specification"/>
    <property name="java.class.version" value="50.0"/>
    <property name="sun.management.compiler" value="HotSpot 64-Bit Tiered Compilers"/>
    <property name="os.version" value="10.7.4"/>
    <property name="http.nonProxyHosts" value="local|*.local|169.254/16|*.169.254/16"/>
    <property name="user.home" value="/Users/emicklei"/>
    <property name="user.timezone" value="Europe/Amsterdam"/>
    <property name="java.awt.printerjob" value="apple.awt.CPrinterJob"/>
    <property name="java.specification.version" value="1.6"/>
    <property name="file.encoding" value="MacRoman"/>
    <property name="user.name" value="emicklei"/>
    <property name="java.class.path" value="/Users/emicklei/Projects/critter/target/test-classes:/Users/emicklei/Projects/critter/target/classes:/Users/emicklei/.m2/repository/junit/junit/4.8.2/junit-4.8.2.jar:/Users/emicklei/.m2/repository/org/rendershark/rendershark/0.5-SNAPSHOT/rendershark-0.5-SNAPSHOT.jar:/Users/emicklei/.m2/repository/com/sun/jersey/jersey-core/1.12/jersey-core-1.12.jar:/Users/emicklei/.m2/repository/com/sun/jersey/jersey-server/1.12/jersey-server-1.12.jar:/Users/emicklei/.m2/repository/asm/asm/3.1/asm-3.1.jar:/Users/emicklei/.m2/repository/com/sun/jersey/contribs/jersey-guice/1.12/jersey-guice-1.12.jar:/Users/emicklei/.m2/repository/javax/inject/javax.inject/1/javax.inject-1.jar:/Users/emicklei/.m2/repository/com/google/inject/extensions/guice-servlet/3.0/guice-servlet-3.0.jar:/Users/emicklei/.m2/repository/com/sun/jersey/jersey-servlet/1.12/jersey-servlet-1.12.jar:/Users/emicklei/.m2/repository/org/rendersnake/rendersnake/1.6-SNAPSHOT/rendersnake-1.6-SNAPSHOT.jar:/Users/emicklei/.m2/repository/org/apache/commons/commons-lang3/3.1/commons-lang3-3.1.jar:/Users/emicklei/.m2/repository/io/netty/netty/3.4.5.Final/netty-3.4.5.Final.jar:/Users/emicklei/.m2/repository/com/google/inject/guice/3.0/guice-3.0.jar:/Users/emicklei/.m2/repository/aopalliance/aopalliance/1.0/aopalliance-1.0.jar:/Users/emicklei/.m2/repository/org/slf4j/slf4j-log4j12/1.6.4/slf4j-log4j12-1.6.4.jar:/Users/emicklei/.m2/repository/org/slf4j/slf4j-api/1.6.4/slf4j-api-1.6.4.jar:/Users/emicklei/.m2/repository/log4j/log4j/1.2.16/log4j-1.2.16.jar:/Users/emicklei/.m2/repository/org/infinispan/infinispan-core/5.0.0.FINAL/infinispan-core-5.0.0.FINAL.jar:/Users/emicklei/.m2/repository/org/jgroups/jgroups/2.12.1.3.Final/jgroups-2.12.1.3.Final.jar:/Users/emicklei/.m2/repository/org/jboss/javaee/jboss-transaction-api/1.0.1.GA/jboss-transaction-api-1.0.1.GA.jar:/Users/emicklei/.m2/repository/org/jboss/marshalling/jboss-marshalling-river/1.3.0.GA/jboss-marshalling-river-1.3.0.GA.jar:/Users/emicklei/.m2/repository/org/jboss/marshalling/jboss-marshalling/1.3.0.GA/jboss-marshalling-1.3.0.GA.jar:/Users/emicklei/.m2/repository/org/rhq/helpers/rhq-pluginAnnotations/3.0.1/rhq-pluginAnnotations-3.0.1.jar:/Users/emicklei/.m2/repository/org/jboss/logging/jboss-logging/3.0.0.GA/jboss-logging-3.0.0.GA.jar:/Users/emicklei/.m2/repository/commons-io/commons-io/2.0.1/commons-io-2.0.1.jar:/Users/emicklei/.m2/repository/org/apache/httpcomponents/httpclient/4.1.2/httpclient-4.1.2.jar:/Users/emicklei/.m2/repository/org/apache/httpcomponents/httpcore/4.1.2/httpcore-4.1.2.jar:/Users/emicklei/.m2/repository/commons-logging/commons-logging/1.1.1/commons-logging-1.1.1.jar:/Users/emicklei/.m2/repository/commons-codec/commons-codec/1.4/commons-codec-1.4.jar:/Users/emicklei/.m2/repository/com/thoughtworks/xstream/xstream/1.4.2/xstream-1.4.2.jar:/Users/emicklei/.m2/repository/xpp3/xpp3_min/1.1.4c/xpp3_min-1.1.4c.jar:/Users/emicklei/.m2/repository/xmlpull/xmlpull/1.1.3.1/xmlpull-1.1.3.1.jar:/Users/emicklei/.m2/repository/com/philemonworks/selfdiagnose/2.3/selfdiagnose-2.3.jar:/Users/emicklei/.m2/repository/opensymphony/ognl/2.6.11/ognl-2.6.11.jar:/Users/emicklei/.m2/repository/com/jamonapi/jamon/2.7/jamon-2.7.jar:/Users/emicklei/.m2/repository/oro/oro/2.0.8/oro-2.0.8.jar:/Users/emicklei/.m2/repository/javax/servlet/servlet-api/2.3/servlet-api-2.3.jar:/Users/emicklei/.m2/repository/com/jamonapi/fdsapi/1.2/fdsapi-1.2.jar:/Users/emicklei/.m2/repository/org/seleniumhq/webdriver/webdriver-selenium/0.9.7376/webdriver-selenium-0.9.7376.jar:/Users/emicklei/.m2/repository/org/seleniumhq/webdriver/webdriver-common/0.9.7376/webdriver-common-0.9.7376.jar:/Users/emicklei/.m2/repository/org/seleniumhq/selenium/client-drivers/selenium-java-client-driver/1.0.1/selenium-java-client-driver-1.0.1.jar:/Users/emicklei/.m2/repository/org/seleniumhq/webdriver/webdriver-chrome/0.9.7376/webdriver-chrome-0.9.7376.jar:/Users/emicklei/.m2/repository/org/seleniumhq/webdriver/webdriver-remote-client/0.9.7376/webdriver-remote-client-0.9.7376.jar:/Users/emicklei/.m2/repository/org/seleniumhq/webdriver/webdriver-remote-common/0.9.7376/webdriver-remote-common-0.9.7376.jar:/Users/emicklei/.m2/repository/org/json/json/20080701/json-20080701.jar:/Users/emicklei/.m2/repository/org/seleniumhq/webdriver/webdriver-support/0.9.7376/webdriver-support-0.9.7376.jar:/Users/emicklei/.m2/repository/org/hamcrest/hamcrest-all/1.1/hamcrest-all-1.1.jar:/Users/emicklei/.m2/repository/commons-httpclient/commons-httpclient/3.1/commons-httpclient-3.1.jar:"/>
    <property name="java.vm.specification.version" value="1.0"/>
    <property name="sun.arch.data.model" value="64"/>
    <property name="java.home" value="/System/Library/Java/JavaVirtualMachines/1.6.0.jdk/Contents/Home"/>
    <property name="sun.java.command" value="/Users/emicklei/Projects/critter/target/surefire/surefirebooter8328973016847381297.jar /Users/emicklei/Projects/critter/target/surefire/surefire7482091665645890500tmp /Users/emicklei/Projects/critter/target/surefire/surefire6382086190694512526tmp"/>
    <property name="java.specification.vendor" value="Sun Microsystems Inc."/>
    <property name="user.language" value="en"/>
    <property name="awt.toolkit" value="apple.awt.CToolkit"/>
    <property name="java.vm.info" value="mixed mode"/>
    <property name="java.version" value="1.6.0_31"/>
    <property name="java.ext.dirs" value="/Library/Java/Extensions:/System/Library/Java/Extensions:/System/Library/Java/JavaVirtualMachines/1.6.0.jdk/Contents/Home/lib/ext"/>
    <property name="sun.boot.class.path" value="/System/Library/Java/JavaVirtualMachines/1.6.0.jdk/Contents/Classes/jsfd.jar:/System/Library/Java/JavaVirtualMachines/1.6.0.jdk/Contents/Classes/classes.jar:/System/Library/Frameworks/JavaVM.framework/Frameworks/JavaRuntimeSupport.framework/Resources/Java/JavaRuntimeSupport.jar:/System/Library/Java/JavaVirtualMachines/1.6.0.jdk/Contents/Classes/ui.jar:/System/Library/Java/JavaVirtualMachines/1.6.0.jdk/Contents/Classes/laf.jar:/System/Library/Java/JavaVirtualMachines/1.6.0.jdk/Contents/Classes/sunrsasign.jar:/System/Library/Java/JavaVirtualMachines/1.6.0.jdk/Contents/Classes/jsse.jar:/System/Library/Java/JavaVirtualMachines/1.6.0.jdk/Contents/Classes/jce.jar:/System/Library/Java/JavaVirtualMachines/1.6.0.jdk/Contents/Classes/charsets.jar"/>
    <property name="java.vendor" value="Apple Inc."/>
    <property name="localRepository" value="/Users/emicklei/.m2/repository"/>
    <property name="file.separator" value="/"/>
    <property name="java.vendor.url.bug" value="http://bugreport.apple.com/"/>
    <property name="sun.cpu.endian" value="little"/>
    <property name="sun.io.unicode.encoding" value="UnicodeLittle"/>
    <property name="mrj.version" value="1070.1.6.0_31-415"/>
    <property name="socksNonProxyHosts" value="local|*.local|169.254/16|*.169.254/16"/>
    <property name="ftp.nonProxyHosts" value="local|*.local|169.254/16|*.169.254/16"/>
    <property name="sun.cpu.isalist" value=""/>
  </properties>
  <testcase time="0.201" classname="com.philemonworks.RuleTest" name="testParse"/>
  <testcase time="0.015" classname="com.philemonworks.RuleTest" name="testParseExample"/>
  <testcase time="0" classname="com.philemonworks.RuleTest" name="testBasicAuth"/>
</testsuite>